<html>
<head>
<title>TestNG:  Test</title>
<link href="../testng.css" rel="stylesheet" type="text/css" />
<link href="../my-testng.css" rel="stylesheet" type="text/css" />

<style type="text/css">
.log { display: none;} 
.stack-trace { display: none;} 
</style>
<script type="text/javascript">
<!--
function flip(e) {
  current = e.style.display;
  if (current == 'block') {
    e.style.display = 'none';
    return 0;
  }
  else {
    e.style.display = 'block';
    return 1;
  }
}

function toggleBox(szDivId, elem, msg1, msg2)
{
  var res = -1;  if (document.getElementById) {
    res = flip(document.getElementById(szDivId));
  }
  else if (document.all) {
    // this is the way old msie versions work
    res = flip(document.all[szDivId]);
  }
  if(elem) {
    if(res == 0) elem.innerHTML = msg1; else elem.innerHTML = msg2;
  }

}

function toggleAllBoxes() {
  if (document.getElementsByTagName) {
    d = document.getElementsByTagName('div');
    for (i = 0; i < d.length; i++) {
      if (d[i].className == 'log') {
        flip(d[i]);
      }
    }
  }
}

// -->
</script>

</head>
<body>
<h2 align='center'>Test</h2><table border='1' align="center">
<tr>
<td>Tests passed/Failed/Skipped:</td><td>0/0/15</td>
</tr><tr>
<td>Started on:</td><td>Mon Apr 08 11:48:46 EEST 2019</td>
</tr>
<tr><td>Total time:</td><td>0 seconds (77 ms)</td>
</tr><tr>
<td>Included groups:</td><td></td>
</tr><tr>
<td>Excluded groups:</td><td></td>
</tr>
</table><p/>
<small><i>(Hover the method name to see the test class name)</i></small><p/>
<table width='100%' border='1' class='invocation-failed'>
<tr><td colspan='4' align='center'><b>FAILED CONFIGURATIONS</b></td></tr>
<tr><td><b>Test method</b></td>
<td width="30%"><b>Exception</b></td>
<td width="10%"><b>Time (seconds)</b></td>
<td><b>Instance</b></td>
</tr>
<tr>
<td title='com.game.base.BaseTestApplication.setUp()'><b>setUp</b><br>Test class: com.game.base.BaseTestApplication</td>
<td><div><pre>org.openqa.selenium.WebDriverException: Unable to parse remote response: Unknown error
	at org.openqa.selenium.remote.ProtocolHandshake.createSession(ProtocolHandshake.java:115)
	at org.openqa.selenium.remote.ProtocolHandshake.createSession(ProtocolHandshake.java:74)
	at org.openqa.selenium.remote.HttpCommandExecutor.execute(HttpCommandExecutor.java:136)
	at org.openqa.selenium.remote.service.DriverCommandExecutor.execute(DriverCommandExecutor.java:83)
	at org.openqa.selenium.remote.RemoteWebDriver.execute(RemoteWebDriver.java:552)
	at org.openqa.selenium.remote.RemoteWebDriver.startSession(RemoteWebDriver.java:213)
	at org.openqa.selenium.remote.RemoteWebDriver.&lt;init&gt;(RemoteWebDriver.java:131)
	at org.openqa.selenium.edge.EdgeDriver.&lt;init&gt;(EdgeDriver.java:141)
	at org.openqa.selenium.edge.EdgeDriver.&lt;init&gt;(EdgeDriver.java:96)
	at com.game.base.BaseTestApplication.setUp(BaseTestApplication.java:75)
Caused by: org.openqa.selenium.json.JsonException: Unable to determine type from: U. Last 1 characters read: U
Build info: version: &apos;3.141.59&apos;, revision: &apos;e82be7d358&apos;, time: &apos;2018-11-14T08:17:03&apos;
System info: host: &apos;SHASHANK&apos;, ip: &apos;192.168.56.1&apos;, os.name: &apos;Windows 10&apos;, os.arch: &apos;amd64&apos;, os.version: &apos;10.0&apos;, java.version: &apos;1.8.0_191&apos;
Driver info: driver.version: EdgeDriver
	at org.openqa.selenium.json.JsonInput.peek(JsonInput.java:122)
	at org.openqa.selenium.json.JsonTypeCoercer.lambda$null$6(JsonTypeCoercer.java:140)
	at org.openqa.selenium.json.JsonTypeCoercer.coerce(JsonTypeCoercer.java:126)
	at org.openqa.selenium.json.Json.toType(Json.java:69)
	at org.openqa.selenium.json.Json.toType(Json.java:55)
	at org.openqa.selenium.json.Json.toType(Json.java:50)
	at org.openqa.selenium.remote.ProtocolHandshake.createSession(ProtocolHandshake.java:112)
	... 27 more
... Removed 18 stack frames</pre></div><a href='#' onClick='toggleBox("stack-trace398457879", this, "Click to show all stack frames", "Click to hide stack frames")'>Click to show all stack frames</a>
<div class='stack-trace' id='stack-trace398457879'><pre>org.openqa.selenium.WebDriverException: Unable to parse remote response: Unknown error
	at org.openqa.selenium.remote.ProtocolHandshake.createSession(ProtocolHandshake.java:115)
	at org.openqa.selenium.remote.ProtocolHandshake.createSession(ProtocolHandshake.java:74)
	at org.openqa.selenium.remote.HttpCommandExecutor.execute(HttpCommandExecutor.java:136)
	at org.openqa.selenium.remote.service.DriverCommandExecutor.execute(DriverCommandExecutor.java:83)
	at org.openqa.selenium.remote.RemoteWebDriver.execute(RemoteWebDriver.java:552)
	at org.openqa.selenium.remote.RemoteWebDriver.startSession(RemoteWebDriver.java:213)
	at org.openqa.selenium.remote.RemoteWebDriver.&lt;init&gt;(RemoteWebDriver.java:131)
	at org.openqa.selenium.edge.EdgeDriver.&lt;init&gt;(EdgeDriver.java:141)
	at org.openqa.selenium.edge.EdgeDriver.&lt;init&gt;(EdgeDriver.java:96)
	at com.game.base.BaseTestApplication.setUp(BaseTestApplication.java:75)
	at sun.reflect.NativeMethodAccessorImpl.invoke0(Native Method)
	at sun.reflect.NativeMethodAccessorImpl.invoke(Unknown Source)
	at sun.reflect.DelegatingMethodAccessorImpl.invoke(Unknown Source)
	at java.lang.reflect.Method.invoke(Unknown Source)
	at org.testng.internal.MethodInvocationHelper.invokeMethod(MethodInvocationHelper.java:86)
	at org.testng.internal.Invoker.invokeConfigurationMethod(Invoker.java:514)
	at org.testng.internal.Invoker.invokeConfigurations(Invoker.java:215)
	at org.testng.internal.Invoker.invokeConfigurations(Invoker.java:142)
	at org.testng.SuiteRunner.privateRun(SuiteRunner.java:305)
	at org.testng.SuiteRunner.run(SuiteRunner.java:268)
	at org.testng.SuiteRunnerWorker.runSuite(SuiteRunnerWorker.java:52)
	at org.testng.SuiteRunnerWorker.run(SuiteRunnerWorker.java:86)
	at org.testng.TestNG.runSuitesSequentially(TestNG.java:1244)
	at org.testng.TestNG.runSuitesLocally(TestNG.java:1169)
	at org.testng.TestNG.run(TestNG.java:1064)
	at org.testng.remote.RemoteTestNG.run(RemoteTestNG.java:113)
	at org.testng.remote.RemoteTestNG.initAndRun(RemoteTestNG.java:206)
	at org.testng.remote.RemoteTestNG.main(RemoteTestNG.java:177)
Caused by: org.openqa.selenium.json.JsonException: Unable to determine type from: U. Last 1 characters read: U
Build info: version: &apos;3.141.59&apos;, revision: &apos;e82be7d358&apos;, time: &apos;2018-11-14T08:17:03&apos;
System info: host: &apos;SHASHANK&apos;, ip: &apos;192.168.56.1&apos;, os.name: &apos;Windows 10&apos;, os.arch: &apos;amd64&apos;, os.version: &apos;10.0&apos;, java.version: &apos;1.8.0_191&apos;
Driver info: driver.version: EdgeDriver
	at org.openqa.selenium.json.JsonInput.peek(JsonInput.java:122)
	at org.openqa.selenium.json.JsonTypeCoercer.lambda$null$6(JsonTypeCoercer.java:140)
	at org.openqa.selenium.json.JsonTypeCoercer.coerce(JsonTypeCoercer.java:126)
	at org.openqa.selenium.json.Json.toType(Json.java:69)
	at org.openqa.selenium.json.Json.toType(Json.java:55)
	at org.openqa.selenium.json.Json.toType(Json.java:50)
	at org.openqa.selenium.remote.ProtocolHandshake.createSession(ProtocolHandshake.java:112)
	... 27 more
</pre></div></td>
<td>0</td>
<td>null</td></tr>
</table><p>
<table width='100%' border='1' class='invocation-skipped'>
<tr><td colspan='4' align='center'><b>SKIPPED TESTS</b></td></tr>
<tr><td><b>Test method</b></td>
<td width="30%"><b>Exception</b></td>
<td width="10%"><b>Time (seconds)</b></td>
<td><b>Instance</b></td>
</tr>
<tr>
<td title='com.game.testcases.RunWithSetTestData.paytableWinHighlight()'><b>paytableWinHighlight</b><br>Test class: com.game.testcases.RunWithSetTestData<br>Parameters: 11100, 60, win111</td>
<td></td>
<td>0</td>
<td>com.game.testcases.RunWithSetTestData@6fadae5d</td></tr>
<tr>
<td title='com.game.testcases.RunWithSetTestData.paytableWinHighlight()'><b>paytableWinHighlight</b><br>Test class: com.game.testcases.RunWithSetTestData<br>Parameters: 11110, 80, win1111</td>
<td></td>
<td>0</td>
<td>com.game.testcases.RunWithSetTestData@6fadae5d</td></tr>
<tr>
<td title='com.game.testcases.RunWithSetTestData.paytableWinHighlight()'><b>paytableWinHighlight</b><br>Test class: com.game.testcases.RunWithSetTestData<br>Parameters: 11111, 100, win11111</td>
<td></td>
<td>0</td>
<td>com.game.testcases.RunWithSetTestData@6fadae5d</td></tr>
<tr>
<td title='com.game.testcases.RunWithSetTestData.paytableWinHighlight()'><b>paytableWinHighlight</b><br>Test class: com.game.testcases.RunWithSetTestData<br>Parameters: 22200, 120, win222</td>
<td></td>
<td>0</td>
<td>com.game.testcases.RunWithSetTestData@6fadae5d</td></tr>
<tr>
<td title='com.game.testcases.RunWithSetTestData.paytableWinHighlight()'><b>paytableWinHighlight</b><br>Test class: com.game.testcases.RunWithSetTestData<br>Parameters: 22220, 160, win2222</td>
<td></td>
<td>0</td>
<td>com.game.testcases.RunWithSetTestData@6fadae5d</td></tr>
<tr>
<td title='com.game.testcases.RunWithSetTestData.paytableWinHighlight()'><b>paytableWinHighlight</b><br>Test class: com.game.testcases.RunWithSetTestData<br>Parameters: 22222, 200, win22222</td>
<td></td>
<td>0</td>
<td>com.game.testcases.RunWithSetTestData@6fadae5d</td></tr>
<tr>
<td title='com.game.testcases.RunWithSetTestData.paytableWinHighlight()'><b>paytableWinHighlight</b><br>Test class: com.game.testcases.RunWithSetTestData<br>Parameters: 33300, 180, win333</td>
<td></td>
<td>0</td>
<td>com.game.testcases.RunWithSetTestData@6fadae5d</td></tr>
<tr>
<td title='com.game.testcases.RunWithSetTestData.paytableWinHighlight()'><b>paytableWinHighlight</b><br>Test class: com.game.testcases.RunWithSetTestData<br>Parameters: 33330, 240, win3333</td>
<td></td>
<td>0</td>
<td>com.game.testcases.RunWithSetTestData@6fadae5d</td></tr>
<tr>
<td title='com.game.testcases.RunWithSetTestData.paytableWinHighlight()'><b>paytableWinHighlight</b><br>Test class: com.game.testcases.RunWithSetTestData<br>Parameters: 33333, 300, win33333</td>
<td></td>
<td>0</td>
<td>com.game.testcases.RunWithSetTestData@6fadae5d</td></tr>
<tr>
<td title='com.game.testcases.RunWithSetTestData.paytableWinHighlight()'><b>paytableWinHighlight</b><br>Test class: com.game.testcases.RunWithSetTestData<br>Parameters: 44400, 240, win444</td>
<td></td>
<td>0</td>
<td>com.game.testcases.RunWithSetTestData@6fadae5d</td></tr>
<tr>
<td title='com.game.testcases.RunWithSetTestData.paytableWinHighlight()'><b>paytableWinHighlight</b><br>Test class: com.game.testcases.RunWithSetTestData<br>Parameters: 44440, 320, win4444</td>
<td></td>
<td>0</td>
<td>com.game.testcases.RunWithSetTestData@6fadae5d</td></tr>
<tr>
<td title='com.game.testcases.RunWithSetTestData.paytableWinHighlight()'><b>paytableWinHighlight</b><br>Test class: com.game.testcases.RunWithSetTestData<br>Parameters: 44444, 400, win44444</td>
<td></td>
<td>0</td>
<td>com.game.testcases.RunWithSetTestData@6fadae5d</td></tr>
<tr>
<td title='com.game.testcases.RunWithSetTestData.paytableWinHighlight()'><b>paytableWinHighlight</b><br>Test class: com.game.testcases.RunWithSetTestData<br>Parameters: 55500, 300, win555</td>
<td></td>
<td>0</td>
<td>com.game.testcases.RunWithSetTestData@6fadae5d</td></tr>
<tr>
<td title='com.game.testcases.RunWithSetTestData.paytableWinHighlight()'><b>paytableWinHighlight</b><br>Test class: com.game.testcases.RunWithSetTestData<br>Parameters: 55550, 400, win5555</td>
<td></td>
<td>0</td>
<td>com.game.testcases.RunWithSetTestData@6fadae5d</td></tr>
<tr>
<td title='com.game.testcases.RunWithSetTestData.paytableWinHighlight()'><b>paytableWinHighlight</b><br>Test class: com.game.testcases.RunWithSetTestData<br>Parameters: 55555, 500, win55555</td>
<td></td>
<td>0</td>
<td>com.game.testcases.RunWithSetTestData@6fadae5d</td></tr>
</table><p>
</body>
</html>